<?xml version="1.0" encoding="UTF-8"?>
<!-- Generated by org.testng.reporters.JUnitReportReporter -->
<testsuite hostname="731861-cwdvts01" name="com.acm.tests.EditProgramScreeningAndEnrollment" tests="1" failures="0" timestamp="28 Nov 2015 07:18:17 GMT" time="10.102" errors="1">
  <testcase name="test" time="10.102" classname="com.acm.tests.EditProgramScreeningAndEnrollment"/>
</testsuite> <!-- com.acm.tests.EditProgramScreeningAndEnrollment -->
