<?xml version="1.0" encoding="UTF-8"?>
<!-- Generated by org.testng.reporters.JUnitReportReporter -->
<testsuite hostname="EDT-159" name="com.equal.tests.Sample1" tests="1" failures="0" timestamp="5 Feb 2016 06:53:46 GMT" time="27.287" errors="0">
  <testcase name="test" time="27.287" classname="com.equal.tests.Sample1"/>
</testsuite> <!-- com.equal.tests.Sample1 -->
