<?xml version="1.0" encoding="UTF-8"?>
<!-- Generated by org.testng.reporters.JUnitReportReporter -->
<testsuite hostname="731861-cwdvts01" name="com.acm.tests.CreateMedicalHealthManagement" tests="1" failures="0" timestamp="28 Nov 2015 07:18:17 GMT" time="10.911" errors="1">
  <testcase name="test" time="10.911" classname="com.acm.tests.CreateMedicalHealthManagement"/>
</testsuite> <!-- com.acm.tests.CreateMedicalHealthManagement -->
