<?xml version="1.0" encoding="UTF-8"?>
<!-- Generated by org.testng.reporters.JUnitReportReporter -->
<testsuite hostname="731861-cwdvts01" name="com.acm.tests.StartExecution" tests="1" failures="0" timestamp="28 Nov 2015 07:18:17 GMT" time="0.007" errors="0">
  <testcase name="startTime" time="0.007" classname="com.acm.tests.StartExecution"/>
</testsuite> <!-- com.acm.tests.StartExecution -->
