<?xml version="1.0" encoding="UTF-8"?>
<!-- Generated by org.testng.reporters.JUnitReportReporter -->
<testsuite hostname="731861-cwdvts01" name="com.acm.tests.AddProgramTask" tests="1" failures="0" timestamp="28 Nov 2015 07:18:17 GMT" time="12.591" errors="1">
  <testcase name="test" time="12.591" classname="com.acm.tests.AddProgramTask"/>
</testsuite> <!-- com.acm.tests.AddProgramTask -->
