<?xml version="1.0" encoding="UTF-8"?>
<!-- Generated by org.testng.reporters.JUnitReportReporter -->
<testsuite hostname="EDT-159" name="com.equal.tests.EndExecution" tests="1" failures="0" timestamp="2 Feb 2016 09:24:30 GMT" time="0.241" errors="0">
  <testcase name="endTime" time="0.241" classname="com.equal.tests.EndExecution"/>
</testsuite> <!-- com.equal.tests.EndExecution -->
