<?xml version="1.0" encoding="UTF-8"?>
<!-- Generated by org.testng.reporters.JUnitReportReporter -->
<testsuite hostname="EDT-159" name="com.acm.tests.Sample1" tests="1" failures="0" timestamp="29 Jan 2016 06:53:57 GMT" time="106.514" errors="0">
  <testcase name="test" time="106.514" classname="com.acm.tests.Sample1"/>
</testsuite> <!-- com.acm.tests.Sample1 -->
