<?xml version="1.0" encoding="UTF-8"?>
<!-- Generated by org.testng.reporters.JUnitReportReporter -->
<testsuite hostname="731861-cwdvts01" name="com.acm.tests.EditInpatientOutPatientRefferalRequest" tests="1" failures="0" timestamp="28 Nov 2015 07:18:17 GMT" time="9.578" errors="1">
  <testcase name="test" time="9.578" classname="com.acm.tests.EditInpatientOutPatientRefferalRequest"/>
</testsuite> <!-- com.acm.tests.EditInpatientOutPatientRefferalRequest -->
