<?xml version="1.0" encoding="UTF-8"?>
<!-- Generated by org.testng.reporters.JUnitReportReporter -->
<testsuite hostname="731861-cwdvts01" name="com.acm.tests.EndExecution" tests="1" failures="0" timestamp="28 Nov 2015 07:18:17 GMT" time="0.043" errors="0">
  <testcase name="endTime" time="0.043" classname="com.acm.tests.EndExecution"/>
</testsuite> <!-- com.acm.tests.EndExecution -->
