<?xml version="1.0" encoding="UTF-8"?>
<!-- Generated by org.testng.reporters.JUnitReportReporter -->
<testsuite hostname="731861-cwdvts01" name="com.acm.tests.ProgramTab" tests="1" failures="0" timestamp="28 Nov 2015 07:18:17 GMT" time="11.047" errors="1">
  <testcase name="test" time="11.047" classname="com.acm.tests.ProgramTab"/>
</testsuite> <!-- com.acm.tests.ProgramTab -->
